2022-10-06 14:41:30.364 ERROR 63044 --- [http-nio-8080-exec-8] es.kiwi.controller.BookController        : error...
2022-10-06 14:41:30.531  WARN 63044 --- [http-nio-8080-exec-9] es.kiwi.controller.BookController        : warn...
2022-10-06 14:41:30.532 ERROR 63044 --- [http-nio-8080-exec-9] es.kiwi.controller.BookController        : error...
2022-10-06 14:41:30.693  WARN 63044 --- [http-nio-8080-exec-10] es.kiwi.controller.BookController        : warn...
2022-10-06 14:41:30.694 ERROR 63044 --- [http-nio-8080-exec-10] es.kiwi.controller.BookController        : error...
2022-10-06 14:41:30.853  WARN 63044 --- [http-nio-8080-exec-1] es.kiwi.controller.BookController        : warn...
2022-10-06 14:41:30.853 ERROR 63044 --- [http-nio-8080-exec-1] es.kiwi.controller.BookController        : error...
2022-10-06 14:41:31.013  WARN 63044 --- [http-nio-8080-exec-2] es.kiwi.controller.BookController        : warn...
2022-10-06 14:41:31.014 ERROR 63044 --- [http-nio-8080-exec-2] es.kiwi.controller.BookController        : error...
2022-10-06 14:41:31.172  WARN 63044 --- [http-nio-8080-exec-3] es.kiwi.controller.BookController        : warn...
2022-10-06 14:41:31.173 ERROR 63044 --- [http-nio-8080-exec-3] es.kiwi.controller.BookController        : error...
2022-10-06 14:41:31.347  WARN 63044 --- [http-nio-8080-exec-4] es.kiwi.controller.BookController        : warn...
2022-10-06 14:41:31.348 ERROR 63044 --- [http-nio-8080-exec-4] es.kiwi.controller.BookController        : error...
2022-10-06 14:41:31.512  WARN 63044 --- [http-nio-8080-exec-5] es.kiwi.controller.BookController        : warn...
2022-10-06 14:41:31.512 ERROR 63044 --- [http-nio-8080-exec-5] es.kiwi.controller.BookController        : error...
2022-10-06 14:41:31.652  WARN 63044 --- [http-nio-8080-exec-6] es.kiwi.controller.BookController        : warn...
2022-10-06 14:41:31.653 ERROR 63044 --- [http-nio-8080-exec-6] es.kiwi.controller.BookController        : error...
2022-10-06 14:41:31.813  WARN 63044 --- [http-nio-8080-exec-7] es.kiwi.controller.BookController        : warn...
2022-10-06 14:41:31.813 ERROR 63044 --- [http-nio-8080-exec-7] es.kiwi.controller.BookController        : error...
2022-10-06 14:41:31.981  WARN 63044 --- [http-nio-8080-exec-8] es.kiwi.controller.BookController        : warn...
2022-10-06 14:41:31.982 ERROR 63044 --- [http-nio-8080-exec-8] es.kiwi.controller.BookController        : error...
2022-10-06 14:41:32.322  WARN 63044 --- [http-nio-8080-exec-9] es.kiwi.controller.BookController        : warn...
2022-10-06 14:41:32.323 ERROR 63044 --- [http-nio-8080-exec-9] es.kiwi.controller.BookController        : error...
2022-10-06 14:41:32.502  WARN 63044 --- [http-nio-8080-exec-10] es.kiwi.controller.BookController        : warn...
2022-10-06 14:41:32.502 ERROR 63044 --- [http-nio-8080-exec-10] es.kiwi.controller.BookController        : error...
2022-10-06 14:41:32.703  WARN 63044 --- [http-nio-8080-exec-1] es.kiwi.controller.BookController        : warn...
2022-10-06 14:41:32.703 ERROR 63044 --- [http-nio-8080-exec-1] es.kiwi.controller.BookController        : error...
2022-10-06 14:41:32.871  WARN 63044 --- [http-nio-8080-exec-2] es.kiwi.controller.BookController        : warn...
2022-10-06 14:41:32.872 ERROR 63044 --- [http-nio-8080-exec-2] es.kiwi.controller.BookController        : error...
2022-10-06 14:41:33.043  WARN 63044 --- [http-nio-8080-exec-3] es.kiwi.controller.BookController        : warn...
2022-10-06 14:41:33.043 ERROR 63044 --- [http-nio-8080-exec-3] es.kiwi.controller.BookController        : error...
2022-10-06 14:41:33.181  WARN 63044 --- [http-nio-8080-exec-4] es.kiwi.controller.BookController        : warn...
2022-10-06 14:41:33.181 ERROR 63044 --- [http-nio-8080-exec-4] es.kiwi.controller.BookController        : error...
2022-10-06 14:41:33.351  WARN 63044 --- [http-nio-8080-exec-5] es.kiwi.controller.BookController        : warn...
2022-10-06 14:41:33.351 ERROR 63044 --- [http-nio-8080-exec-5] es.kiwi.controller.BookController        : error...
2022-10-06 14:47:43.913  INFO 55268 --- [main] es.kiwi.Springboot11LogApplication       : Starting Springboot11LogApplication using Java 1.8.0_271 on LAPTOP-E59OLPHM with PID 55268 (D:\ideawork\springboot2\springboot_11_log\target\classes started by nerea in D:\ideawork\springboot2)
2022-10-06 14:47:43.916  INFO 55268 --- [main] es.kiwi.Springboot11LogApplication       : No active profile set, falling back to default profiles: default
2022-10-06 14:47:44.633  INFO 55268 --- [main] o.s.b.w.embedded.tomcat.TomcatWebServer  : Tomcat initialized with port(s): 8080 (http)
2022-10-06 14:47:44.640  INFO 55268 --- [main] o.apache.catalina.core.StandardService   : Starting service [Tomcat]
2022-10-06 14:47:44.684  INFO 55268 --- [main] org.apache.catalina.core.StandardEngine  : Starting Servlet engine: [Apache Tomcat/9.0.52]
2022-10-06 14:47:44.746  INFO 55268 --- [main] o.a.c.c.C.[Tomcat].[localhost].[/]       : Initializing Spring embedded WebApplicationContext
2022-10-06 14:47:44.746  INFO 55268 --- [main] w.s.c.ServletWebServerApplicationContext : Root WebApplicationContext: initialization completed in 775 ms
2022-10-06 14:47:44.968  INFO 55268 --- [main] o.s.b.w.embedded.tomcat.TomcatWebServer  : Tomcat started on port(s): 8080 (http) with context path ''
2022-10-06 14:47:45.011  INFO 55268 --- [main] es.kiwi.Springboot11LogApplication       : Started Springboot11LogApplication in 1.426 seconds (JVM running for 2.147)
